<?xml version="1.0" encoding="UTF-8"?>
<!-- Generated by org.testng.reporters.JUnitReportReporter -->
<testsuite hostname="LAPTOP-JC53VU9R" failures="0" tests="1" name="comcast.sample" time="0.013" errors="0" timestamp="2021-08-19T17:51:11 IST" skipped="0">
  <testcase classname="comcast.sample" name="add" time="0.013"/>
  <system-out/>
</testsuite> <!-- comcast.sample -->
