<?xml version="1.0" encoding="UTF-8"?>
<!-- Generated by org.testng.reporters.JUnitReportReporter -->
<testsuite hostname="LAPTOP-JC53VU9R" failures="0" tests="1" name="comcast.SearctProductByUnitPrice" time="16.495" errors="0" timestamp="2021-08-26T12:59:54 IST" skipped="0">
  <testcase classname="comcast.SearctProductByUnitPrice" name="Searchproduct" time="16.495"/>
  <system-out/>
</testsuite> <!-- comcast.SearctProductByUnitPrice -->
