<?xml version="1.0" encoding="UTF-8"?>
<!-- Generated by org.testng.reporters.JUnitReportReporter -->
<testsuite hostname="LAPTOP-JC53VU9R" failures="0" tests="1" name="comcast.sample_test" time="9.232" errors="0" timestamp="2021-08-26T10:35:05 IST" skipped="0">
  <testcase classname="comcast.sample_test" name="test" time="9.232"/>
  <system-out/>
</testsuite> <!-- comcast.sample_test -->
