<?xml version="1.0" encoding="UTF-8"?>
<!-- Generated by org.testng.reporters.JUnitReportReporter -->
<testsuite hostname="LAPTOP-JC53VU9R" failures="0" tests="1" name="comcast.SearchProductByAlphbet" time="21.969" errors="0" timestamp="2021-08-27T10:45:37 IST" skipped="0">
  <testcase classname="comcast.SearchProductByAlphbet" name="SearchProduct" time="21.969"/>
  <system-out/>
</testsuite> <!-- comcast.SearchProductByAlphbet -->
